<?xml version="1.0" encoding="UTF-8"?>
<!-- Generated by org.testng.reporters.JUnitReportReporter -->
<testsuite hostname="Josue" failures="0" tests="6" name="com.test.SeleniumMaven.SelTest" time="16.853" errors="0" timestamp="2022-10-19T09:16:27 CST" skipped="0">
  <testcase classname="com.test.SeleniumMaven.SelTest" name="xpath" time="3.015"/>
  <system-out/>
  <testcase classname="com.test.SeleniumMaven.SelTest" name="xpathContainsDisabled" time="1.970"/>
  <system-out/>
  <testcase classname="com.test.SeleniumMaven.SelTest" name="cssDisabled" time="2.603"/>
  <system-out/>
  <testcase classname="com.test.SeleniumMaven.SelTest" name="xpathContains" time="2.562"/>
  <system-out/>
  <testcase classname="com.test.SeleniumMaven.SelTest" name="css" time="4.769"/>
  <system-out/>
  <testcase classname="com.test.SeleniumMaven.SelTest" name="xpathDisabled" time="1.934"/>
  <system-out/>
</testsuite> <!-- com.test.SeleniumMaven.SelTest -->
