<?xml version="1.0" encoding="UTF-8"?>
<!-- Generated by org.testng.reporters.JUnitReportReporter -->
<testsuite hostname="Josue" failures="0" tests="1" name="com.test.SeleniumMaven.AppTest" time="0.011" errors="0" timestamp="2022-10-19T09:16:27 CST" skipped="0">
  <testcase classname="com.test.SeleniumMaven.AppTest" name="shouldAnswerWithTrue" time="0.011"/>
  <system-out/>
</testsuite> <!-- com.test.SeleniumMaven.AppTest -->
